Using pre-set license
Built from '2020.3/staging' branch; Version is '2020.3.19f1 (68f137dc9bbe) revision 6877495'; Using compiler version '192528614'; Build Type 'Release'
OS: 'Windows 10 Home; OS build 19043.1348; Version 2009; 64bit' Language: 'fr' Physical Memory: 16339 MB
BatchMode: 1, IsHumanControllingUs: 0, StartBugReporterOnCrash: 0, Is64bit: 1, IsPro: 0

COMMAND LINE ARGUMENTS:
E:\Unity\2020.3.19f1\Editor\Unity.exe
-adb2
-batchMode
-noUpm
-name
AssetImportWorker0
-projectPath
F:/Flappy-Bird-Project-School
-logFile
Logs/AssetImportWorker0.log
-srvPort
61661
Successfully changed project path to: F:/Flappy-Bird-Project-School
F:/Flappy-Bird-Project-School
Using Asset Import Pipeline V2.
Refreshing native plugins compatible for Editor in 42.96 ms, found 3 plugins.
Preloading 0 native plugins for Editor in 0.00 ms.
Initialize engine version: 2020.3.19f1 (68f137dc9bbe)
[Subsystems] Discovering subsystems at path E:/Unity/2020.3.19f1/Editor/Data/Resources/UnitySubsystems
[Subsystems] Discovering subsystems at path F:/Flappy-Bird-Project-School/Assets
GfxDevice: creating device client; threaded=0
Direct3D:
    Version:  Direct3D 11.0 [level 11.1]
    Renderer: NVIDIA GeForce RTX 2060 (ID=0x1f08)
    Vendor:   
    VRAM:     5980 MB
    Driver:   27.21.14.6109
Initialize mono
Mono path[0] = 'E:/Unity/2020.3.19f1/Editor/Data/Managed'
Mono path[1] = 'E:/Unity/2020.3.19f1/Editor/Data/MonoBleedingEdge/lib/mono/unityjit'
Mono config path = 'E:/Unity/2020.3.19f1/Editor/Data/MonoBleedingEdge/etc'
Using monoOptions --debugger-agent=transport=dt_socket,embedding=1,server=y,suspend=n,address=127.0.0.1:56764
Begin MonoManager ReloadAssembly
Registering precompiled unity dll's ...
Register platform support module: E:/Unity/2020.3.19f1/Editor/Data/PlaybackEngines/WindowsStandaloneSupport/UnityEditor.WindowsStandalone.Extensions.dll
Registered in 0.001309 seconds.
Native extension for WindowsStandalone target not found
Refreshing native plugins compatible for Editor in 40.75 ms, found 3 plugins.
Preloading 0 native plugins for Editor in 0.00 ms.
Mono: successfully reloaded assembly
- Completed reload, in  1.014 seconds
Domain Reload Profiling:
	ReloadAssembly (1014ms)
		BeginReloadAssembly (56ms)
			ExecutionOrderSort (0ms)
			DisableScriptedObjects (0ms)
			BackupInstance (0ms)
			ReleaseScriptingObjects (0ms)
			CreateAndSetChildDomain (1ms)
		EndReloadAssembly (449ms)
			LoadAssemblies (55ms)
			RebuildTransferFunctionScriptingTraits (0ms)
			SetupTypeCache (148ms)
			ReleaseScriptCaches (0ms)
			RebuildScriptCaches (57ms)
			SetupLoadedEditorAssemblies (167ms)
				LogAssemblyErrors (0ms)
				InitializePlatformSupportModulesInManaged (4ms)
				SetLoadedEditorAssemblies (0ms)
				RefreshPlugins (41ms)
				BeforeProcessingInitializeOnLoad (9ms)
				ProcessInitializeOnLoadAttributes (82ms)
				ProcessInitializeOnLoadMethodAttributes (30ms)
				AfterProcessingInitializeOnLoad (0ms)
				EditorAssembliesLoaded (0ms)
			ExecutionOrderSort2 (0ms)
			AwakeInstancesAfterBackupRestoration (0ms)
Platform modules already initialized, skipping
Registering precompiled user dll's ...
Registered in 0.004902 seconds.
Begin MonoManager ReloadAssembly
Native extension for WindowsStandalone target not found
Refreshing native plugins compatible for Editor in 41.30 ms, found 3 plugins.
Preloading 0 native plugins for Editor in 0.00 ms.
Mono: successfully reloaded assembly
- Completed reload, in  1.165 seconds
Domain Reload Profiling:
	ReloadAssembly (1166ms)
		BeginReloadAssembly (153ms)
			ExecutionOrderSort (0ms)
			DisableScriptedObjects (4ms)
			BackupInstance (0ms)
			ReleaseScriptingObjects (0ms)
			CreateAndSetChildDomain (19ms)
		EndReloadAssembly (929ms)
			LoadAssemblies (99ms)
			RebuildTransferFunctionScriptingTraits (0ms)
			SetupTypeCache (291ms)
			ReleaseScriptCaches (0ms)
			RebuildScriptCaches (61ms)
			SetupLoadedEditorAssemblies (322ms)
				LogAssemblyErrors (0ms)
				InitializePlatformSupportModulesInManaged (4ms)
				SetLoadedEditorAssemblies (0ms)
				RefreshPlugins (41ms)
				BeforeProcessingInitializeOnLoad (62ms)
				ProcessInitializeOnLoadAttributes (198ms)
				ProcessInitializeOnLoadMethodAttributes (14ms)
				AfterProcessingInitializeOnLoad (2ms)
				EditorAssembliesLoaded (0ms)
			ExecutionOrderSort2 (0ms)
			AwakeInstancesAfterBackupRestoration (6ms)
Platform modules already initialized, skipping
========================================================================
Worker process is ready to serve import requests
Launched and connected shader compiler UnityShaderCompiler.exe after 0.14 seconds
Refreshing native plugins compatible for Editor in 0.42 ms, found 3 plugins.
Preloading 0 native plugins for Editor in 0.00 ms.
Unloading 2094 Unused Serialized files (Serialized files now loaded: 0)
System memory in use before: 93.1 MB.
System memory in use after: 93.2 MB.

Unloading 26 unused Assets to reduce memory usage. Loaded Objects now: 2533.
Total: 3.649400 ms (FindLiveObjects: 0.188700 ms CreateObjectMapping: 0.067700 ms MarkObjects: 3.283800 ms  DeleteObjects: 0.108200 ms)

AssetImportParameters requested are different than current active one (requested -> active):
  custom:framework-win-MediaFoundation: 216162199b28c13a410421893ffa2e32 -> 
  custom:video-decoder-ogg-theora: a1e56fd34408186e4bbccfd4996cb3dc -> 
  custom:container-muxer-webm: aa71ff27fc2769a1b78a27578f13a17b -> 
  custom:container-demuxer-webm: 4f35f7cbe854078d1ac9338744f61a02 -> 
  custom:container-demuxer-ogg: 62fdf1f143b41e24485cea50d1cbac27 -> 
  custom:video-encoder-webm-vp8: eb34c28f22e8b96e1ab97ce403110664 -> 
  custom:video-codec-MediaFoundation-h265: 746d11721c4dcdbdad8f713fa42b33f4 -> 
  custom:video-decoder-webm-vp8: 9c59270c3fd7afecdb556c50c9e8de78 -> 
  custom:audio-decoder-ogg-vorbis: bf7c407c2cedff20999df2af8eb42d56 -> 
  custom:audio-encoder-webm-vorbis: bf7c407c2cedff20999df2af8eb42d56 -> 
========================================================================
Received Import Request.
  path: Assets/graphic/base.png
  artifactKey: Guid(50fe9db62817c3f4fb47861d6cbc2b0d) Importer(815301076,1909f56bfc062723c751e8b465ee728b)
Start importing Assets/graphic/base.png using Guid(50fe9db62817c3f4fb47861d6cbc2b0d) Importer(815301076,1909f56bfc062723c751e8b465ee728b)  -> (artifact id: '2ad3c1b552c5c30dd3badfc5bb4d4787') in 0.172060 seconds 
  Import took 0.175239 seconds .

========================================================================
Received Import Request.
  Time since last request: 0.000250 seconds.
  path: Assets/graphic/pipe-red.png
  artifactKey: Guid(a52179a7e53fde24aa1aaf732017e89b) Importer(815301076,1909f56bfc062723c751e8b465ee728b)
Start importing Assets/graphic/pipe-red.png using Guid(a52179a7e53fde24aa1aaf732017e89b) Importer(815301076,1909f56bfc062723c751e8b465ee728b)  -> (artifact id: '3856caa902c38b49aa4e597a0a474b0f') in 0.021084 seconds 
  Import took 0.024398 seconds .

========================================================================
Received Import Request.
  Time since last request: 0.000256 seconds.
  path: Assets/LevelDesign/LevelDesign groupe 2.prefab
  artifactKey: Guid(0a80d893911ac564ebb6e457eeb30292) Importer(815301076,1909f56bfc062723c751e8b465ee728b)
Start importing Assets/LevelDesign/LevelDesign groupe 2.prefab using Guid(0a80d893911ac564ebb6e457eeb30292) Importer(815301076,1909f56bfc062723c751e8b465ee728b)  -> (artifact id: '7e2e249f3acd2c2a1ea182dc76e1f42e') in 0.068783 seconds 
  Import took 0.072045 seconds .

========================================================================
Received Import Request.
  Time since last request: 0.000308 seconds.
  path: Assets/Scenes
  artifactKey: Guid(43d35f76fb0ac1040871c2e9bcd4540c) Importer(815301076,1909f56bfc062723c751e8b465ee728b)
Start importing Assets/Scenes using Guid(43d35f76fb0ac1040871c2e9bcd4540c) Importer(815301076,1909f56bfc062723c751e8b465ee728b)  -> (artifact id: '8f76f9649357288f0a881fe320806ea9') in 0.005686 seconds 
  Import took 0.009154 seconds .

========================================================================
Received Import Request.
  Time since last request: 0.000312 seconds.
  path: Assets/graphic/redbird-downflap.png
  artifactKey: Guid(2270fdfe9e464d54f9961562dfea8ebb) Importer(815301076,1909f56bfc062723c751e8b465ee728b)
Start importing Assets/graphic/redbird-downflap.png using Guid(2270fdfe9e464d54f9961562dfea8ebb) Importer(815301076,1909f56bfc062723c751e8b465ee728b)  -> (artifact id: '9530fa60279f0943559d817e9f6b3b48') in 0.017315 seconds 
  Import took 0.020515 seconds .

========================================================================
Received Import Request.
  Time since last request: 0.000329 seconds.
  path: Assets/graphic/pipe-green.png
  artifactKey: Guid(9d272839af635954d8aacb7d6d8d71f3) Importer(815301076,1909f56bfc062723c751e8b465ee728b)
Start importing Assets/graphic/pipe-green.png using Guid(9d272839af635954d8aacb7d6d8d71f3) Importer(815301076,1909f56bfc062723c751e8b465ee728b)  -> (artifact id: '9543a44fbe0d2e8f568c7a5e9a5b2c87') in 0.013433 seconds 
  Import took 0.016624 seconds .

========================================================================
Received Import Request.
  Time since last request: 0.000272 seconds.
  path: Assets/graphic/redbird-upflap.png
  artifactKey: Guid(8ef474160c183a64d876dfd644fa7805) Importer(815301076,1909f56bfc062723c751e8b465ee728b)
Start importing Assets/graphic/redbird-upflap.png using Guid(8ef474160c183a64d876dfd644fa7805) Importer(815301076,1909f56bfc062723c751e8b465ee728b)  -> (artifact id: '20ac6b441618412e58739888926a0734') in 0.012485 seconds 
  Import took 0.015783 seconds .

========================================================================
Received Import Request.
  Time since last request: 0.000361 seconds.
  path: Assets/graphic/redbird-midflap.png
  artifactKey: Guid(68ef52adce4ecfa4fb75e075171c23c7) Importer(815301076,1909f56bfc062723c751e8b465ee728b)
Start importing Assets/graphic/redbird-midflap.png using Guid(68ef52adce4ecfa4fb75e075171c23c7) Importer(815301076,1909f56bfc062723c751e8b465ee728b)  -> (artifact id: '080ee8d6f5bbbbc447983b1c8cd97589') in 0.013342 seconds 
  Import took 0.016409 seconds .

========================================================================
Received Import Request.
  Time since last request: 0.000380 seconds.
  path: Assets/graphic/background-day.png
  artifactKey: Guid(bed8f3397e089174fb7a1ee0c838b8ed) Importer(815301076,1909f56bfc062723c751e8b465ee728b)
Start importing Assets/graphic/background-day.png using Guid(bed8f3397e089174fb7a1ee0c838b8ed) Importer(815301076,1909f56bfc062723c751e8b465ee728b)  -> (artifact id: '1a84633c8d0794fae0bc339ae1838f54') in 0.015458 seconds 
  Import took 0.018412 seconds .

========================================================================
Received Import Request.
  Time since last request: 0.000380 seconds.
  path: Assets/graphic/background-night.png
  artifactKey: Guid(05b83d17387892545b094a7d3c7f0e1f) Importer(815301076,1909f56bfc062723c751e8b465ee728b)
Start importing Assets/graphic/background-night.png using Guid(05b83d17387892545b094a7d3c7f0e1f) Importer(815301076,1909f56bfc062723c751e8b465ee728b)  -> (artifact id: 'bb4f01a58c2dc3049aff565bc88bd7ce') in 0.014791 seconds 
  Import took 0.017885 seconds .

========================================================================
Received Import Request.
  Time since last request: 0.000317 seconds.
  path: Assets/LevelDesign/LevelDesign groupe 1.prefab
  artifactKey: Guid(1fb2b8a34daa9b84480ca35767669227) Importer(815301076,1909f56bfc062723c751e8b465ee728b)
Start importing Assets/LevelDesign/LevelDesign groupe 1.prefab using Guid(1fb2b8a34daa9b84480ca35767669227) Importer(815301076,1909f56bfc062723c751e8b465ee728b)  -> (artifact id: '0bfc60ee3f6de1543dadd1968da22261') in 0.013834 seconds 
  Import took 0.016830 seconds .

